<?xml version="1.0" encoding="UTF-8"?>
<testsuite name="com.uservalid.UserRegistrationTest" tests="1" skipped="0" failures="0" errors="0" timestamp="2021-04-21T12:02:38" hostname="DESKTOP-45808RR" time="0.142">
  <properties/>
  <testcase name="givenFirstName_WhenInproper_ShouldReturnInvalid" classname="com.uservalid.UserRegistrationTest" time="0.142"/>
  <system-out><![CDATA[]]></system-out>
  <system-err><![CDATA[]]></system-err>
</testsuite>
